d:\workshop\lev_picturemanager\build\lev_picturemanager\lev_picturemanager.dir\debug\vc143.pdb
d:\workshop\lev_picturemanager\build\lev_picturemanager\lev_picturemanager.dir\debug\vc143.idb
d:\workshop\lev_picturemanager\build\lev_picturemanager\lev_picturemanager.dir\debug\lev_picturemanager.obj
d:\workshop\lev_picturemanager\build\lev_picturemanager\cmakefiles\generate.stamp
d:\workshop\lev_picturemanager\build\lev_picturemanager\lev_picturemanager.dir\debug\lev_picturemanager.ilk
d:\workshop\lev_picturemanager\build\lev_picturemanager\debug\lev_picturemanager.dll
d:\workshop\lev_picturemanager\build\lev_picturemanager\debug\lev_picturemanager.pdb
d:\workshop\lev_picturemanager\build\lev_picturemanager\debug\lev_picturemanager.lib
d:\workshop\lev_picturemanager\build\lev_picturemanager\debug\lev_picturemanager.exp
d:\workshop\lev_picturemanager\build\lev_picturemanager\lev_picturemanager.dir\debug\lev_pict.52557a0e.tlog\cl.command.1.tlog
d:\workshop\lev_picturemanager\build\lev_picturemanager\lev_picturemanager.dir\debug\lev_pict.52557a0e.tlog\cl.items.tlog
d:\workshop\lev_picturemanager\build\lev_picturemanager\lev_picturemanager.dir\debug\lev_pict.52557a0e.tlog\cl.read.1.tlog
d:\workshop\lev_picturemanager\build\lev_picturemanager\lev_picturemanager.dir\debug\lev_pict.52557a0e.tlog\cl.write.1.tlog
d:\workshop\lev_picturemanager\build\lev_picturemanager\lev_picturemanager.dir\debug\lev_pict.52557a0e.tlog\custombuild.command.1.tlog
d:\workshop\lev_picturemanager\build\lev_picturemanager\lev_picturemanager.dir\debug\lev_pict.52557a0e.tlog\custombuild.read.1.tlog
d:\workshop\lev_picturemanager\build\lev_picturemanager\lev_picturemanager.dir\debug\lev_pict.52557a0e.tlog\custombuild.write.1.tlog
d:\workshop\lev_picturemanager\build\lev_picturemanager\lev_picturemanager.dir\debug\lev_pict.52557a0e.tlog\link.command.1.tlog
d:\workshop\lev_picturemanager\build\lev_picturemanager\lev_picturemanager.dir\debug\lev_pict.52557a0e.tlog\link.read.1.tlog
d:\workshop\lev_picturemanager\build\lev_picturemanager\lev_picturemanager.dir\debug\lev_pict.52557a0e.tlog\link.write.1.tlog
d:\workshop\lev_picturemanager\build\lev_picturemanager\lev_picturemanager.dir\debug\lev_pict.52557a0e.tlog\link.write.2u.tlog
